# JRE version: OpenJDK Runtime Environment (8.0_322-b06) (build 1.8.0_322-b06)
# Java VM: OpenJDK 64-Bit Server VM (25.322-b06 mixed mode windows-amd64 compressed oops)
Heap:
 PSYoungGen      total 75264K, used 32K [0x000000076c100000, 0x0000000771500000, 0x00000007c0000000)
  eden space 64512K, 0% used [0x000000076c100000,0x000000076c100000,0x0000000770000000)
  from space 10752K, 0% used [0x0000000770a80000,0x0000000770a88000,0x0000000771500000)
  to   space 10752K, 0% used [0x0000000770000000,0x0000000770000000,0x0000000770a80000)
 ParOldGen       total 172032K, used 15520K [0x00000006c4200000, 0x00000006cea00000, 0x000000076c100000)
  object space 172032K, 9% used [0x00000006c4200000,0x00000006c5128168,0x00000006cea00000)
 Metaspace       used 10657K, capacity 10880K, committed 11136K, reserved 1058816K
  class space    used 1252K, capacity 1341K, committed 1408K, reserved 1048576K
GC Heap History (10 events):
Event: 11.333 GC heap after
Heap after GC invocations=1499 (full 749):
 PSYoungGen      total 75264K, used 0K [0x000000076c100000, 0x0000000771500000, 0x00000007c0000000)
  eden space 64512K, 0% used [0x000000076c100000,0x000000076c100000,0x0000000770000000)
  from space 10752K, 0% used [0x0000000770a80000,0x0000000770a80000,0x0000000771500000)
  to   space 10752K, 0% used [0x0000000770000000,0x0000000770000000,0x0000000770a80000)
 ParOldGen       total 172032K, used 15520K [0x00000006c4200000, 0x00000006cea00000, 0x000000076c100000)
  object space 172032K, 9% used [0x00000006c4200000,0x00000006c5128120,0x00000006cea00000)
 Metaspace       used 10657K, capacity 10880K, committed 11136K, reserved 1058816K
  class space    used 1252K, capacity 1341K, committed 1408K, reserved 1048576K
}
Event: 11.333 GC heap before
{Heap before GC invocations=1500 (full 750):
 PSYoungGen      total 75264K, used 0K [0x000000076c100000, 0x0000000771500000, 0x00000007c0000000)
  eden space 64512K, 0% used [0x000000076c100000,0x000000076c100000,0x0000000770000000)
  from space 10752K, 0% used [0x0000000770a80000,0x0000000770a80000,0x0000000771500000)
  to   space 10752K, 0% used [0x0000000770000000,0x0000000770000000,0x0000000770a80000)
 ParOldGen       total 172032K, used 15520K [0x00000006c4200000, 0x00000006cea00000, 0x000000076c100000)
  object space 172032K, 9% used [0x00000006c4200000,0x00000006c5128120,0x00000006cea00000)
 Metaspace       used 10657K, capacity 10880K, committed 11136K, reserved 1058816K
  class space    used 1252K, capacity 1341K, committed 1408K, reserved 1048576K
Event: 11.357 GC heap after
Heap after GC invocations=1500 (full 750):
 PSYoungGen      total 75264K, used 0K [0x000000076c100000, 0x0000000771500000, 0x00000007c0000000)
  eden space 64512K, 0% used [0x000000076c100000,0x000000076c100000,0x0000000770000000)
  from space 10752K, 0% used [0x0000000770a80000,0x0000000770a80000,0x0000000771500000)
  to   space 10752K, 0% used [0x0000000770000000,0x0000000770000000,0x0000000770a80000)
 ParOldGen       total 172032K, used 15520K [0x00000006c4200000, 0x00000006cea00000, 0x000000076c100000)
  object space 172032K, 9% used [0x00000006c4200000,0x00000006c5128120,0x00000006cea00000)
 Metaspace       used 10657K, capacity 10880K, committed 11136K, reserved 1058816K
  class space    used 1252K, capacity 1341K, committed 1408K, reserved 1048576K
}
Event: 11.357 GC heap before
{Heap before GC invocations=1501 (full 750):
 PSYoungGen      total 75264K, used 1290K [0x000000076c100000, 0x0000000771500000, 0x00000007c0000000)
  eden space 64512K, 2% used [0x000000076c100000,0x000000076c242938,0x0000000770000000)
  from space 10752K, 0% used [0x0000000770a80000,0x0000000770a80000,0x0000000771500000)
  to   space 10752K, 0% used [0x0000000770000000,0x0000000770000000,0x0000000770a80000)
 ParOldGen       total 172032K, used 15520K [0x00000006c4200000, 0x00000006cea00000, 0x000000076c100000)
  object space 172032K, 9% used [0x00000006c4200000,0x00000006c5128120,0x00000006cea00000)
 Metaspace       used 10657K, capacity 10880K, committed 11136K, reserved 1058816K
  class space    used 1252K, capacity 1341K, committed 1408K, reserved 1048576K
Event: 11.358 GC heap after
Heap after GC invocations=1501 (full 750):
 PSYoungGen      total 75264K, used 32K [0x000000076c100000, 0x0000000771500000, 0x00000007c0000000)
  eden space 64512K, 0% used [0x000000076c100000,0x000000076c100000,0x0000000770000000)
  from space 10752K, 0% used [0x0000000770000000,0x0000000770008000,0x0000000770a80000)
  to   space 10752K, 0% used [0x0000000770a80000,0x0000000770a80000,0x0000000771500000)
 ParOldGen       total 172032K, used 15520K [0x00000006c4200000, 0x00000006cea00000, 0x000000076c100000)
  object space 172032K, 9% used [0x00000006c4200000,0x00000006c5128120,0x00000006cea00000)
 Metaspace       used 10657K, capacity 10880K, committed 11136K, reserved 1058816K
  class space    used 1252K, capacity 1341K, committed 1408K, reserved 1048576K
}
Event: 11.358 GC heap before
{Heap before GC invocations=1502 (full 751):
 PSYoungGen      total 75264K, used 32K [0x000000076c100000, 0x0000000771500000, 0x00000007c0000000)
  eden space 64512K, 0% used [0x000000076c100000,0x000000076c100000,0x0000000770000000)
  from space 10752K, 0% used [0x0000000770000000,0x0000000770008000,0x0000000770a80000)
  to   space 10752K, 0% used [0x0000000770a80000,0x0000000770a80000,0x0000000771500000)
 ParOldGen       total 172032K, used 15520K [0x00000006c4200000, 0x00000006cea00000, 0x000000076c100000)
  object space 172032K, 9% used [0x00000006c4200000,0x00000006c5128120,0x00000006cea00000)
 Metaspace       used 10657K, capacity 10880K, committed 11136K, reserved 1058816K
  class space    used 1252K, capacity 1341K, committed 1408K, reserved 1048576K
Event: 11.381 GC heap after
Heap after GC invocations=1502 (full 751):
 PSYoungGen      total 75264K, used 0K [0x000000076c100000, 0x0000000771500000, 0x00000007c0000000)
  eden space 64512K, 0% used [0x000000076c100000,0x000000076c100000,0x0000000770000000)
  from space 10752K, 0% used [0x0000000770000000,0x0000000770000000,0x0000000770a80000)
  to   space 10752K, 0% used [0x0000000770a80000,0x0000000770a80000,0x0000000771500000)
 ParOldGen       total 172032K, used 15520K [0x00000006c4200000, 0x00000006cea00000, 0x000000076c100000)
  object space 172032K, 9% used [0x00000006c4200000,0x00000006c5128168,0x00000006cea00000)
 Metaspace       used 10657K, capacity 10880K, committed 11136K, reserved 1058816K
  class space    used 1252K, capacity 1341K, committed 1408K, reserved 1048576K
}
Event: 11.381 GC heap before
{Heap before GC invocations=1503 (full 751):
 PSYoungGen      total 75264K, used 1290K [0x000000076c100000, 0x0000000771500000, 0x00000007c0000000)
  eden space 64512K, 2% used [0x000000076c100000,0x000000076c242938,0x0000000770000000)
  from space 10752K, 0% used [0x0000000770000000,0x0000000770000000,0x0000000770a80000)
  to   space 10752K, 0% used [0x0000000770a80000,0x0000000770a80000,0x0000000771500000)
 ParOldGen       total 172032K, used 15520K [0x00000006c4200000, 0x00000006cea00000, 0x000000076c100000)
  object space 172032K, 9% used [0x00000006c4200000,0x00000006c5128168,0x00000006cea00000)
 Metaspace       used 10657K, capacity 10880K, committed 11136K, reserved 1058816K
  class space    used 1252K, capacity 1341K, committed 1408K, reserved 1048576K
Event: 11.381 GC heap after
Heap after GC invocations=1503 (full 751):
 PSYoungGen      total 75264K, used 32K [0x000000076c100000, 0x0000000771500000, 0x00000007c0000000)
  eden space 64512K, 0% used [0x000000076c100000,0x000000076c100000,0x0000000770000000)
  from space 10752K, 0% used [0x0000000770a80000,0x0000000770a88000,0x0000000771500000)
  to   space 10752K, 0% used [0x0000000770000000,0x0000000770000000,0x0000000770a80000)
 ParOldGen       total 172032K, used 15520K [0x00000006c4200000, 0x00000006cea00000, 0x000000076c100000)
  object space 172032K, 9% used [0x00000006c4200000,0x00000006c5128168,0x00000006cea00000)
 Metaspace       used 10657K, capacity 10880K, committed 11136K, reserved 1058816K
  class space    used 1252K, capacity 1341K, committed 1408K, reserved 1048576K
}
Event: 11.381 GC heap before
{Heap before GC invocations=1504 (full 752):
 PSYoungGen      total 75264K, used 32K [0x000000076c100000, 0x0000000771500000, 0x00000007c0000000)
  eden space 64512K, 0% used [0x000000076c100000,0x000000076c100000,0x0000000770000000)
  from space 10752K, 0% used [0x0000000770a80000,0x0000000770a88000,0x0000000771500000)
  to   space 10752K, 0% used [0x0000000770000000,0x0000000770000000,0x0000000770a80000)
 ParOldGen       total 172032K, used 15520K [0x00000006c4200000, 0x00000006cea00000, 0x000000076c100000)
  object space 172032K, 9% used [0x00000006c4200000,0x00000006c5128168,0x00000006cea00000)
 Metaspace       used 10657K, capacity 10880K, committed 11136K, reserved 1058816K
  class space    used 1252K, capacity 1341K, committed 1408K, reserved 1048576K

