# JRE version: OpenJDK Runtime Environment (8.0_322-b06) (build 1.8.0_322-b06)
# Java VM: OpenJDK 64-Bit Server VM (25.322-b06 mixed mode windows-amd64 compressed oops)
Heap:
 PSYoungGen      total 75264K, used 32K [0x000000076c100000, 0x0000000771500000, 0x00000007c0000000)
  eden space 64512K, 0% used [0x000000076c100000,0x000000076c100000,0x0000000770000000)
  from space 10752K, 0% used [0x0000000770000000,0x0000000770008000,0x0000000770a80000)
  to   space 10752K, 0% used [0x0000000770a80000,0x0000000770a80000,0x0000000771500000)
 ParOldGen       total 172032K, used 14847K [0x00000006c4200000, 0x00000006cea00000, 0x000000076c100000)
  object space 172032K, 8% used [0x00000006c4200000,0x00000006c507fe20,0x00000006cea00000)
 Metaspace       used 9307K, capacity 9470K, committed 9728K, reserved 1058816K
  class space    used 1113K, capacity 1196K, committed 1280K, reserved 1048576K
GC Heap History (10 events):
Event: 2.370 GC heap after
Heap after GC invocations=153 (full 76):
 PSYoungGen      total 75264K, used 64K [0x000000076c100000, 0x0000000771500000, 0x00000007c0000000)
  eden space 64512K, 0% used [0x000000076c100000,0x000000076c100000,0x0000000770000000)
  from space 10752K, 0% used [0x0000000770000000,0x0000000770010000,0x0000000770a80000)
  to   space 10752K, 0% used [0x0000000770a80000,0x0000000770a80000,0x0000000771500000)
 ParOldGen       total 172032K, used 14847K [0x00000006c4200000, 0x00000006cea00000, 0x000000076c100000)
  object space 172032K, 8% used [0x00000006c4200000,0x00000006c507fed0,0x00000006cea00000)
 Metaspace       used 9307K, capacity 9470K, committed 9728K, reserved 1058816K
  class space    used 1113K, capacity 1196K, committed 1280K, reserved 1048576K
}
Event: 2.370 GC heap before
{Heap before GC invocations=154 (full 77):
 PSYoungGen      total 75264K, used 64K [0x000000076c100000, 0x0000000771500000, 0x00000007c0000000)
  eden space 64512K, 0% used [0x000000076c100000,0x000000076c100000,0x0000000770000000)
  from space 10752K, 0% used [0x0000000770000000,0x0000000770010000,0x0000000770a80000)
  to   space 10752K, 0% used [0x0000000770a80000,0x0000000770a80000,0x0000000771500000)
 ParOldGen       total 172032K, used 14847K [0x00000006c4200000, 0x00000006cea00000, 0x000000076c100000)
  object space 172032K, 8% used [0x00000006c4200000,0x00000006c507fed0,0x00000006cea00000)
 Metaspace       used 9307K, capacity 9470K, committed 9728K, reserved 1058816K
  class space    used 1113K, capacity 1196K, committed 1280K, reserved 1048576K
Event: 2.393 GC heap after
Heap after GC invocations=154 (full 77):
 PSYoungGen      total 75264K, used 0K [0x000000076c100000, 0x0000000771500000, 0x00000007c0000000)
  eden space 64512K, 0% used [0x000000076c100000,0x000000076c100000,0x0000000770000000)
  from space 10752K, 0% used [0x0000000770000000,0x0000000770000000,0x0000000770a80000)
  to   space 10752K, 0% used [0x0000000770a80000,0x0000000770a80000,0x0000000771500000)
 ParOldGen       total 172032K, used 14847K [0x00000006c4200000, 0x00000006cea00000, 0x000000076c100000)
  object space 172032K, 8% used [0x00000006c4200000,0x00000006c507fe60,0x00000006cea00000)
 Metaspace       used 9307K, capacity 9470K, committed 9728K, reserved 1058816K
  class space    used 1113K, capacity 1196K, committed 1280K, reserved 1048576K
}
Event: 2.393 GC heap before
{Heap before GC invocations=155 (full 77):
 PSYoungGen      total 75264K, used 0K [0x000000076c100000, 0x0000000771500000, 0x00000007c0000000)
  eden space 64512K, 0% used [0x000000076c100000,0x000000076c100000,0x0000000770000000)
  from space 10752K, 0% used [0x0000000770000000,0x0000000770000000,0x0000000770a80000)
  to   space 10752K, 0% used [0x0000000770a80000,0x0000000770a80000,0x0000000771500000)
 ParOldGen       total 172032K, used 14847K [0x00000006c4200000, 0x00000006cea00000, 0x000000076c100000)
  object space 172032K, 8% used [0x00000006c4200000,0x00000006c507fe60,0x00000006cea00000)
 Metaspace       used 9307K, capacity 9470K, committed 9728K, reserved 1058816K
  class space    used 1113K, capacity 1196K, committed 1280K, reserved 1048576K
Event: 2.394 GC heap after
Heap after GC invocations=155 (full 77):
 PSYoungGen      total 75264K, used 0K [0x000000076c100000, 0x0000000771500000, 0x00000007c0000000)
  eden space 64512K, 0% used [0x000000076c100000,0x000000076c100000,0x0000000770000000)
  from space 10752K, 0% used [0x0000000770a80000,0x0000000770a80000,0x0000000771500000)
  to   space 10752K, 0% used [0x0000000770000000,0x0000000770000000,0x0000000770a80000)
 ParOldGen       total 172032K, used 14847K [0x00000006c4200000, 0x00000006cea00000, 0x000000076c100000)
  object space 172032K, 8% used [0x00000006c4200000,0x00000006c507fe60,0x00000006cea00000)
 Metaspace       used 9307K, capacity 9470K, committed 9728K, reserved 1058816K
  class space    used 1113K, capacity 1196K, committed 1280K, reserved 1048576K
}
Event: 2.394 GC heap before
{Heap before GC invocations=156 (full 78):
 PSYoungGen      total 75264K, used 0K [0x000000076c100000, 0x0000000771500000, 0x00000007c0000000)
  eden space 64512K, 0% used [0x000000076c100000,0x000000076c100000,0x0000000770000000)
  from space 10752K, 0% used [0x0000000770a80000,0x0000000770a80000,0x0000000771500000)
  to   space 10752K, 0% used [0x0000000770000000,0x0000000770000000,0x0000000770a80000)
 ParOldGen       total 172032K, used 14847K [0x00000006c4200000, 0x00000006cea00000, 0x000000076c100000)
  object space 172032K, 8% used [0x00000006c4200000,0x00000006c507fe60,0x00000006cea00000)
 Metaspace       used 9307K, capacity 9470K, committed 9728K, reserved 1058816K
  class space    used 1113K, capacity 1196K, committed 1280K, reserved 1048576K
Event: 2.417 GC heap after
Heap after GC invocations=156 (full 78):
 PSYoungGen      total 75264K, used 0K [0x000000076c100000, 0x0000000771500000, 0x00000007c0000000)
  eden space 64512K, 0% used [0x000000076c100000,0x000000076c100000,0x0000000770000000)
  from space 10752K, 0% used [0x0000000770a80000,0x0000000770a80000,0x0000000771500000)
  to   space 10752K, 0% used [0x0000000770000000,0x0000000770000000,0x0000000770a80000)
 ParOldGen       total 172032K, used 14847K [0x00000006c4200000, 0x00000006cea00000, 0x000000076c100000)
  object space 172032K, 8% used [0x00000006c4200000,0x00000006c507fe20,0x00000006cea00000)
 Metaspace       used 9307K, capacity 9470K, committed 9728K, reserved 1058816K
  class space    used 1113K, capacity 1196K, committed 1280K, reserved 1048576K
}
Event: 2.417 GC heap before
{Heap before GC invocations=157 (full 78):
 PSYoungGen      total 75264K, used 1290K [0x000000076c100000, 0x0000000771500000, 0x00000007c0000000)
  eden space 64512K, 1% used [0x000000076c100000,0x000000076c2428f0,0x0000000770000000)
  from space 10752K, 0% used [0x0000000770a80000,0x0000000770a80000,0x0000000771500000)
  to   space 10752K, 0% used [0x0000000770000000,0x0000000770000000,0x0000000770a80000)
 ParOldGen       total 172032K, used 14847K [0x00000006c4200000, 0x00000006cea00000, 0x000000076c100000)
  object space 172032K, 8% used [0x00000006c4200000,0x00000006c507fe20,0x00000006cea00000)
 Metaspace       used 9307K, capacity 9470K, committed 9728K, reserved 1058816K
  class space    used 1113K, capacity 1196K, committed 1280K, reserved 1048576K
Event: 2.417 GC heap after
Heap after GC invocations=157 (full 78):
 PSYoungGen      total 75264K, used 32K [0x000000076c100000, 0x0000000771500000, 0x00000007c0000000)
  eden space 64512K, 0% used [0x000000076c100000,0x000000076c100000,0x0000000770000000)
  from space 10752K, 0% used [0x0000000770000000,0x0000000770008000,0x0000000770a80000)
  to   space 10752K, 0% used [0x0000000770a80000,0x0000000770a80000,0x0000000771500000)
 ParOldGen       total 172032K, used 14847K [0x00000006c4200000, 0x00000006cea00000, 0x000000076c100000)
  object space 172032K, 8% used [0x00000006c4200000,0x00000006c507fe20,0x00000006cea00000)
 Metaspace       used 9307K, capacity 9470K, committed 9728K, reserved 1058816K
  class space    used 1113K, capacity 1196K, committed 1280K, reserved 1048576K
}
Event: 2.417 GC heap before
{Heap before GC invocations=158 (full 79):
 PSYoungGen      total 75264K, used 32K [0x000000076c100000, 0x0000000771500000, 0x00000007c0000000)
  eden space 64512K, 0% used [0x000000076c100000,0x000000076c100000,0x0000000770000000)
  from space 10752K, 0% used [0x0000000770000000,0x0000000770008000,0x0000000770a80000)
  to   space 10752K, 0% used [0x0000000770a80000,0x0000000770a80000,0x0000000771500000)
 ParOldGen       total 172032K, used 14847K [0x00000006c4200000, 0x00000006cea00000, 0x000000076c100000)
  object space 172032K, 8% used [0x00000006c4200000,0x00000006c507fe20,0x00000006cea00000)
 Metaspace       used 9307K, capacity 9470K, committed 9728K, reserved 1058816K
  class space    used 1113K, capacity 1196K, committed 1280K, reserved 1048576K

