# JRE version: OpenJDK Runtime Environment (8.0_322-b06) (build 1.8.0_322-b06)
# Java VM: OpenJDK 64-Bit Server VM (25.322-b06 mixed mode windows-amd64 compressed oops)
Heap:
 PSYoungGen      total 75264K, used 0K [0x000000076c100000, 0x0000000771500000, 0x00000007c0000000)
  eden space 64512K, 0% used [0x000000076c100000,0x000000076c100000,0x0000000770000000)
  from space 10752K, 0% used [0x0000000770000000,0x0000000770000000,0x0000000770a80000)
  to   space 10752K, 0% used [0x0000000770a80000,0x0000000770a80000,0x0000000771500000)
 ParOldGen       total 172032K, used 14842K [0x00000006c4200000, 0x00000006cea00000, 0x000000076c100000)
  object space 172032K, 8% used [0x00000006c4200000,0x00000006c507ea50,0x00000006cea00000)
 Metaspace       used 9291K, capacity 9470K, committed 9728K, reserved 1058816K
  class space    used 1112K, capacity 1196K, committed 1280K, reserved 1048576K
GC Heap History (10 events):
Event: 3.270 GC heap after
Heap after GC invocations=225 (full 112):
 PSYoungGen      total 75264K, used 0K [0x000000076c100000, 0x0000000771500000, 0x00000007c0000000)
  eden space 64512K, 0% used [0x000000076c100000,0x000000076c100000,0x0000000770000000)
  from space 10752K, 0% used [0x0000000770000000,0x0000000770000000,0x0000000770a80000)
  to   space 10752K, 0% used [0x0000000770a80000,0x0000000770a80000,0x0000000771500000)
 ParOldGen       total 172032K, used 14842K [0x00000006c4200000, 0x00000006cea00000, 0x000000076c100000)
  object space 172032K, 8% used [0x00000006c4200000,0x00000006c507eb60,0x00000006cea00000)
 Metaspace       used 9291K, capacity 9470K, committed 9728K, reserved 1058816K
  class space    used 1112K, capacity 1196K, committed 1280K, reserved 1048576K
}
Event: 3.270 GC heap before
{Heap before GC invocations=226 (full 113):
 PSYoungGen      total 75264K, used 0K [0x000000076c100000, 0x0000000771500000, 0x00000007c0000000)
  eden space 64512K, 0% used [0x000000076c100000,0x000000076c100000,0x0000000770000000)
  from space 10752K, 0% used [0x0000000770000000,0x0000000770000000,0x0000000770a80000)
  to   space 10752K, 0% used [0x0000000770a80000,0x0000000770a80000,0x0000000771500000)
 ParOldGen       total 172032K, used 14842K [0x00000006c4200000, 0x00000006cea00000, 0x000000076c100000)
  object space 172032K, 8% used [0x00000006c4200000,0x00000006c507eb60,0x00000006cea00000)
 Metaspace       used 9291K, capacity 9470K, committed 9728K, reserved 1058816K
  class space    used 1112K, capacity 1196K, committed 1280K, reserved 1048576K
Event: 3.293 GC heap after
Heap after GC invocations=226 (full 113):
 PSYoungGen      total 75264K, used 0K [0x000000076c100000, 0x0000000771500000, 0x00000007c0000000)
  eden space 64512K, 0% used [0x000000076c100000,0x000000076c100000,0x0000000770000000)
  from space 10752K, 0% used [0x0000000770000000,0x0000000770000000,0x0000000770a80000)
  to   space 10752K, 0% used [0x0000000770a80000,0x0000000770a80000,0x0000000771500000)
 ParOldGen       total 172032K, used 14842K [0x00000006c4200000, 0x00000006cea00000, 0x000000076c100000)
  object space 172032K, 8% used [0x00000006c4200000,0x00000006c507eaa0,0x00000006cea00000)
 Metaspace       used 9291K, capacity 9470K, committed 9728K, reserved 1058816K
  class space    used 1112K, capacity 1196K, committed 1280K, reserved 1048576K
}
Event: 3.293 GC heap before
{Heap before GC invocations=227 (full 113):
 PSYoungGen      total 75264K, used 1290K [0x000000076c100000, 0x0000000771500000, 0x00000007c0000000)
  eden space 64512K, 2% used [0x000000076c100000,0x000000076c242930,0x0000000770000000)
  from space 10752K, 0% used [0x0000000770000000,0x0000000770000000,0x0000000770a80000)
  to   space 10752K, 0% used [0x0000000770a80000,0x0000000770a80000,0x0000000771500000)
 ParOldGen       total 172032K, used 14842K [0x00000006c4200000, 0x00000006cea00000, 0x000000076c100000)
  object space 172032K, 8% used [0x00000006c4200000,0x00000006c507eaa0,0x00000006cea00000)
 Metaspace       used 9291K, capacity 9470K, committed 9728K, reserved 1058816K
  class space    used 1112K, capacity 1196K, committed 1280K, reserved 1048576K
Event: 3.293 GC heap after
Heap after GC invocations=227 (full 113):
 PSYoungGen      total 75264K, used 64K [0x000000076c100000, 0x0000000771500000, 0x00000007c0000000)
  eden space 64512K, 0% used [0x000000076c100000,0x000000076c100000,0x0000000770000000)
  from space 10752K, 0% used [0x0000000770a80000,0x0000000770a90000,0x0000000771500000)
  to   space 10752K, 0% used [0x0000000770000000,0x0000000770000000,0x0000000770a80000)
 ParOldGen       total 172032K, used 14842K [0x00000006c4200000, 0x00000006cea00000, 0x000000076c100000)
  object space 172032K, 8% used [0x00000006c4200000,0x00000006c507eaa0,0x00000006cea00000)
 Metaspace       used 9291K, capacity 9470K, committed 9728K, reserved 1058816K
  class space    used 1112K, capacity 1196K, committed 1280K, reserved 1048576K
}
Event: 3.293 GC heap before
{Heap before GC invocations=228 (full 114):
 PSYoungGen      total 75264K, used 64K [0x000000076c100000, 0x0000000771500000, 0x00000007c0000000)
  eden space 64512K, 0% used [0x000000076c100000,0x000000076c100000,0x0000000770000000)
  from space 10752K, 0% used [0x0000000770a80000,0x0000000770a90000,0x0000000771500000)
  to   space 10752K, 0% used [0x0000000770000000,0x0000000770000000,0x0000000770a80000)
 ParOldGen       total 172032K, used 14842K [0x00000006c4200000, 0x00000006cea00000, 0x000000076c100000)
  object space 172032K, 8% used [0x00000006c4200000,0x00000006c507eaa0,0x00000006cea00000)
 Metaspace       used 9291K, capacity 9470K, committed 9728K, reserved 1058816K
  class space    used 1112K, capacity 1196K, committed 1280K, reserved 1048576K
Event: 3.317 GC heap after
Heap after GC invocations=228 (full 114):
 PSYoungGen      total 75264K, used 0K [0x000000076c100000, 0x0000000771500000, 0x00000007c0000000)
  eden space 64512K, 0% used [0x000000076c100000,0x000000076c100000,0x0000000770000000)
  from space 10752K, 0% used [0x0000000770a80000,0x0000000770a80000,0x0000000771500000)
  to   space 10752K, 0% used [0x0000000770000000,0x0000000770000000,0x0000000770a80000)
 ParOldGen       total 172032K, used 14842K [0x00000006c4200000, 0x00000006cea00000, 0x000000076c100000)
  object space 172032K, 8% used [0x00000006c4200000,0x00000006c507ea50,0x00000006cea00000)
 Metaspace       used 9291K, capacity 9470K, committed 9728K, reserved 1058816K
  class space    used 1112K, capacity 1196K, committed 1280K, reserved 1048576K
}
Event: 3.317 GC heap before
{Heap before GC invocations=229 (full 114):
 PSYoungGen      total 75264K, used 0K [0x000000076c100000, 0x0000000771500000, 0x00000007c0000000)
  eden space 64512K, 0% used [0x000000076c100000,0x000000076c100000,0x0000000770000000)
  from space 10752K, 0% used [0x0000000770a80000,0x0000000770a80000,0x0000000771500000)
  to   space 10752K, 0% used [0x0000000770000000,0x0000000770000000,0x0000000770a80000)
 ParOldGen       total 172032K, used 14842K [0x00000006c4200000, 0x00000006cea00000, 0x000000076c100000)
  object space 172032K, 8% used [0x00000006c4200000,0x00000006c507ea50,0x00000006cea00000)
 Metaspace       used 9291K, capacity 9470K, committed 9728K, reserved 1058816K
  class space    used 1112K, capacity 1196K, committed 1280K, reserved 1048576K
Event: 3.317 GC heap after
Heap after GC invocations=229 (full 114):
 PSYoungGen      total 75264K, used 0K [0x000000076c100000, 0x0000000771500000, 0x00000007c0000000)
  eden space 64512K, 0% used [0x000000076c100000,0x000000076c100000,0x0000000770000000)
  from space 10752K, 0% used [0x0000000770000000,0x0000000770000000,0x0000000770a80000)
  to   space 10752K, 0% used [0x0000000770a80000,0x0000000770a80000,0x0000000771500000)
 ParOldGen       total 172032K, used 14842K [0x00000006c4200000, 0x00000006cea00000, 0x000000076c100000)
  object space 172032K, 8% used [0x00000006c4200000,0x00000006c507ea50,0x00000006cea00000)
 Metaspace       used 9291K, capacity 9470K, committed 9728K, reserved 1058816K
  class space    used 1112K, capacity 1196K, committed 1280K, reserved 1048576K
}
Event: 3.317 GC heap before
{Heap before GC invocations=230 (full 115):
 PSYoungGen      total 75264K, used 0K [0x000000076c100000, 0x0000000771500000, 0x00000007c0000000)
  eden space 64512K, 0% used [0x000000076c100000,0x000000076c100000,0x0000000770000000)
  from space 10752K, 0% used [0x0000000770000000,0x0000000770000000,0x0000000770a80000)
  to   space 10752K, 0% used [0x0000000770a80000,0x0000000770a80000,0x0000000771500000)
 ParOldGen       total 172032K, used 14842K [0x00000006c4200000, 0x00000006cea00000, 0x000000076c100000)
  object space 172032K, 8% used [0x00000006c4200000,0x00000006c507ea50,0x00000006cea00000)
 Metaspace       used 9291K, capacity 9470K, committed 9728K, reserved 1058816K
  class space    used 1112K, capacity 1196K, committed 1280K, reserved 1048576K

