# JRE version: OpenJDK Runtime Environment (8.0_322-b06) (build 1.8.0_322-b06)
# Java VM: OpenJDK 64-Bit Server VM (25.322-b06 mixed mode windows-amd64 compressed oops)
Heap:
 PSYoungGen      total 75264K, used 64K [0x000000076c100000, 0x0000000771500000, 0x00000007c0000000)
  eden space 64512K, 0% used [0x000000076c100000,0x000000076c100000,0x0000000770000000)
  from space 10752K, 0% used [0x0000000770000000,0x0000000770010000,0x0000000770a80000)
  to   space 10752K, 0% used [0x0000000770a80000,0x0000000770a80000,0x0000000771500000)
 ParOldGen       total 172032K, used 15598K [0x00000006c4200000, 0x00000006cea00000, 0x000000076c100000)
  object space 172032K, 9% used [0x00000006c4200000,0x00000006c513bac0,0x00000006cea00000)
 Metaspace       used 10672K, capacity 10880K, committed 11136K, reserved 1058816K
  class space    used 1253K, capacity 1341K, committed 1408K, reserved 1048576K
GC Heap History (10 events):
Event: 16.317 GC heap after
Heap after GC invocations=1981 (full 990):
 PSYoungGen      total 75264K, used 64K [0x000000076c100000, 0x0000000771500000, 0x00000007c0000000)
  eden space 64512K, 0% used [0x000000076c100000,0x000000076c100000,0x0000000770000000)
  from space 10752K, 0% used [0x0000000770000000,0x0000000770010000,0x0000000770a80000)
  to   space 10752K, 0% used [0x0000000770a80000,0x0000000770a80000,0x0000000771500000)
 ParOldGen       total 172032K, used 15598K [0x00000006c4200000, 0x00000006cea00000, 0x000000076c100000)
  object space 172032K, 9% used [0x00000006c4200000,0x00000006c513b978,0x00000006cea00000)
 Metaspace       used 10672K, capacity 10880K, committed 11136K, reserved 1058816K
  class space    used 1253K, capacity 1341K, committed 1408K, reserved 1048576K
}
Event: 16.317 GC heap before
{Heap before GC invocations=1982 (full 991):
 PSYoungGen      total 75264K, used 64K [0x000000076c100000, 0x0000000771500000, 0x00000007c0000000)
  eden space 64512K, 0% used [0x000000076c100000,0x000000076c100000,0x0000000770000000)
  from space 10752K, 0% used [0x0000000770000000,0x0000000770010000,0x0000000770a80000)
  to   space 10752K, 0% used [0x0000000770a80000,0x0000000770a80000,0x0000000771500000)
 ParOldGen       total 172032K, used 15598K [0x00000006c4200000, 0x00000006cea00000, 0x000000076c100000)
  object space 172032K, 9% used [0x00000006c4200000,0x00000006c513b978,0x00000006cea00000)
 Metaspace       used 10672K, capacity 10880K, committed 11136K, reserved 1058816K
  class space    used 1253K, capacity 1341K, committed 1408K, reserved 1048576K
Event: 16.340 GC heap after
Heap after GC invocations=1982 (full 991):
 PSYoungGen      total 75264K, used 0K [0x000000076c100000, 0x0000000771500000, 0x00000007c0000000)
  eden space 64512K, 0% used [0x000000076c100000,0x000000076c100000,0x0000000770000000)
  from space 10752K, 0% used [0x0000000770000000,0x0000000770000000,0x0000000770a80000)
  to   space 10752K, 0% used [0x0000000770a80000,0x0000000770a80000,0x0000000771500000)
 ParOldGen       total 172032K, used 15598K [0x00000006c4200000, 0x00000006cea00000, 0x000000076c100000)
  object space 172032K, 9% used [0x00000006c4200000,0x00000006c513ba10,0x00000006cea00000)
 Metaspace       used 10672K, capacity 10880K, committed 11136K, reserved 1058816K
  class space    used 1253K, capacity 1341K, committed 1408K, reserved 1048576K
}
Event: 16.340 GC heap before
{Heap before GC invocations=1983 (full 991):
 PSYoungGen      total 75264K, used 1290K [0x000000076c100000, 0x0000000771500000, 0x00000007c0000000)
  eden space 64512K, 2% used [0x000000076c100000,0x000000076c242938,0x0000000770000000)
  from space 10752K, 0% used [0x0000000770000000,0x0000000770000000,0x0000000770a80000)
  to   space 10752K, 0% used [0x0000000770a80000,0x0000000770a80000,0x0000000771500000)
 ParOldGen       total 172032K, used 15598K [0x00000006c4200000, 0x00000006cea00000, 0x000000076c100000)
  object space 172032K, 9% used [0x00000006c4200000,0x00000006c513ba10,0x00000006cea00000)
 Metaspace       used 10672K, capacity 10880K, committed 11136K, reserved 1058816K
  class space    used 1253K, capacity 1341K, committed 1408K, reserved 1048576K
Event: 16.341 GC heap after
Heap after GC invocations=1983 (full 991):
 PSYoungGen      total 75264K, used 64K [0x000000076c100000, 0x0000000771500000, 0x00000007c0000000)
  eden space 64512K, 0% used [0x000000076c100000,0x000000076c100000,0x0000000770000000)
  from space 10752K, 0% used [0x0000000770a80000,0x0000000770a90000,0x0000000771500000)
  to   space 10752K, 0% used [0x0000000770000000,0x0000000770000000,0x0000000770a80000)
 ParOldGen       total 172032K, used 15598K [0x00000006c4200000, 0x00000006cea00000, 0x000000076c100000)
  object space 172032K, 9% used [0x00000006c4200000,0x00000006c513ba10,0x00000006cea00000)
 Metaspace       used 10672K, capacity 10880K, committed 11136K, reserved 1058816K
  class space    used 1253K, capacity 1341K, committed 1408K, reserved 1048576K
}
Event: 16.341 GC heap before
{Heap before GC invocations=1984 (full 992):
 PSYoungGen      total 75264K, used 64K [0x000000076c100000, 0x0000000771500000, 0x00000007c0000000)
  eden space 64512K, 0% used [0x000000076c100000,0x000000076c100000,0x0000000770000000)
  from space 10752K, 0% used [0x0000000770a80000,0x0000000770a90000,0x0000000771500000)
  to   space 10752K, 0% used [0x0000000770000000,0x0000000770000000,0x0000000770a80000)
 ParOldGen       total 172032K, used 15598K [0x00000006c4200000, 0x00000006cea00000, 0x000000076c100000)
  object space 172032K, 9% used [0x00000006c4200000,0x00000006c513ba10,0x00000006cea00000)
 Metaspace       used 10672K, capacity 10880K, committed 11136K, reserved 1058816K
  class space    used 1253K, capacity 1341K, committed 1408K, reserved 1048576K
Event: 16.364 GC heap after
Heap after GC invocations=1984 (full 992):
 PSYoungGen      total 75264K, used 0K [0x000000076c100000, 0x0000000771500000, 0x00000007c0000000)
  eden space 64512K, 0% used [0x000000076c100000,0x000000076c100000,0x0000000770000000)
  from space 10752K, 0% used [0x0000000770a80000,0x0000000770a80000,0x0000000771500000)
  to   space 10752K, 0% used [0x0000000770000000,0x0000000770000000,0x0000000770a80000)
 ParOldGen       total 172032K, used 15598K [0x00000006c4200000, 0x00000006cea00000, 0x000000076c100000)
  object space 172032K, 9% used [0x00000006c4200000,0x00000006c513bac0,0x00000006cea00000)
 Metaspace       used 10672K, capacity 10880K, committed 11136K, reserved 1058816K
  class space    used 1253K, capacity 1341K, committed 1408K, reserved 1048576K
}
Event: 16.364 GC heap before
{Heap before GC invocations=1985 (full 992):
 PSYoungGen      total 75264K, used 1290K [0x000000076c100000, 0x0000000771500000, 0x00000007c0000000)
  eden space 64512K, 1% used [0x000000076c100000,0x000000076c2428f0,0x0000000770000000)
  from space 10752K, 0% used [0x0000000770a80000,0x0000000770a80000,0x0000000771500000)
  to   space 10752K, 0% used [0x0000000770000000,0x0000000770000000,0x0000000770a80000)
 ParOldGen       total 172032K, used 15598K [0x00000006c4200000, 0x00000006cea00000, 0x000000076c100000)
  object space 172032K, 9% used [0x00000006c4200000,0x00000006c513bac0,0x00000006cea00000)
 Metaspace       used 10672K, capacity 10880K, committed 11136K, reserved 1058816K
  class space    used 1253K, capacity 1341K, committed 1408K, reserved 1048576K
Event: 16.364 GC heap after
Heap after GC invocations=1985 (full 992):
 PSYoungGen      total 75264K, used 64K [0x000000076c100000, 0x0000000771500000, 0x00000007c0000000)
  eden space 64512K, 0% used [0x000000076c100000,0x000000076c100000,0x0000000770000000)
  from space 10752K, 0% used [0x0000000770000000,0x0000000770010000,0x0000000770a80000)
  to   space 10752K, 0% used [0x0000000770a80000,0x0000000770a80000,0x0000000771500000)
 ParOldGen       total 172032K, used 15598K [0x00000006c4200000, 0x00000006cea00000, 0x000000076c100000)
  object space 172032K, 9% used [0x00000006c4200000,0x00000006c513bac0,0x00000006cea00000)
 Metaspace       used 10672K, capacity 10880K, committed 11136K, reserved 1058816K
  class space    used 1253K, capacity 1341K, committed 1408K, reserved 1048576K
}
Event: 16.364 GC heap before
{Heap before GC invocations=1986 (full 993):
 PSYoungGen      total 75264K, used 64K [0x000000076c100000, 0x0000000771500000, 0x00000007c0000000)
  eden space 64512K, 0% used [0x000000076c100000,0x000000076c100000,0x0000000770000000)
  from space 10752K, 0% used [0x0000000770000000,0x0000000770010000,0x0000000770a80000)
  to   space 10752K, 0% used [0x0000000770a80000,0x0000000770a80000,0x0000000771500000)
 ParOldGen       total 172032K, used 15598K [0x00000006c4200000, 0x00000006cea00000, 0x000000076c100000)
  object space 172032K, 9% used [0x00000006c4200000,0x00000006c513bac0,0x00000006cea00000)
 Metaspace       used 10672K, capacity 10880K, committed 11136K, reserved 1058816K
  class space    used 1253K, capacity 1341K, committed 1408K, reserved 1048576K

