# JRE version: OpenJDK Runtime Environment (8.0_322-b06) (build 1.8.0_322-b06)
# Java VM: OpenJDK 64-Bit Server VM (25.322-b06 mixed mode windows-amd64 compressed oops)
Heap:
 PSYoungGen      total 75264K, used 0K [0x000000076c100000, 0x0000000771500000, 0x00000007c0000000)
  eden space 64512K, 0% used [0x000000076c100000,0x000000076c100000,0x0000000770000000)
  from space 10752K, 0% used [0x0000000770000000,0x0000000770000000,0x0000000770a80000)
  to   space 10752K, 0% used [0x0000000770a80000,0x0000000770a80000,0x0000000771500000)
 ParOldGen       total 172032K, used 14980K [0x00000006c4200000, 0x00000006cea00000, 0x000000076c100000)
  object space 172032K, 8% used [0x00000006c4200000,0x00000006c50a1390,0x00000006cea00000)
 Metaspace       used 9714K, capacity 9898K, committed 10240K, reserved 1058816K
  class space    used 1167K, capacity 1232K, committed 1280K, reserved 1048576K
GC Heap History (10 events):
Event: 4.965 GC heap after
Heap after GC invocations=1081 (full 540):
 PSYoungGen      total 75264K, used 96K [0x000000076c100000, 0x0000000771500000, 0x00000007c0000000)
  eden space 64512K, 0% used [0x000000076c100000,0x000000076c100000,0x0000000770000000)
  from space 10752K, 0% used [0x0000000770000000,0x0000000770018000,0x0000000770a80000)
  to   space 10752K, 0% used [0x0000000770a80000,0x0000000770a80000,0x0000000771500000)
 ParOldGen       total 172032K, used 14980K [0x00000006c4200000, 0x00000006cea00000, 0x000000076c100000)
  object space 172032K, 8% used [0x00000006c4200000,0x00000006c50a13b0,0x00000006cea00000)
 Metaspace       used 9714K, capacity 9898K, committed 10240K, reserved 1058816K
  class space    used 1167K, capacity 1232K, committed 1280K, reserved 1048576K
}
Event: 4.965 GC heap before
{Heap before GC invocations=1082 (full 541):
 PSYoungGen      total 75264K, used 96K [0x000000076c100000, 0x0000000771500000, 0x00000007c0000000)
  eden space 64512K, 0% used [0x000000076c100000,0x000000076c100000,0x0000000770000000)
  from space 10752K, 0% used [0x0000000770000000,0x0000000770018000,0x0000000770a80000)
  to   space 10752K, 0% used [0x0000000770a80000,0x0000000770a80000,0x0000000771500000)
 ParOldGen       total 172032K, used 14980K [0x00000006c4200000, 0x00000006cea00000, 0x000000076c100000)
  object space 172032K, 8% used [0x00000006c4200000,0x00000006c50a13b0,0x00000006cea00000)
 Metaspace       used 9714K, capacity 9898K, committed 10240K, reserved 1058816K
  class space    used 1167K, capacity 1232K, committed 1280K, reserved 1048576K
Event: 4.988 GC heap after
Heap after GC invocations=1082 (full 541):
 PSYoungGen      total 75264K, used 0K [0x000000076c100000, 0x0000000771500000, 0x00000007c0000000)
  eden space 64512K, 0% used [0x000000076c100000,0x000000076c100000,0x0000000770000000)
  from space 10752K, 0% used [0x0000000770000000,0x0000000770000000,0x0000000770a80000)
  to   space 10752K, 0% used [0x0000000770a80000,0x0000000770a80000,0x0000000771500000)
 ParOldGen       total 172032K, used 14980K [0x00000006c4200000, 0x00000006cea00000, 0x000000076c100000)
  object space 172032K, 8% used [0x00000006c4200000,0x00000006c50a1318,0x00000006cea00000)
 Metaspace       used 9714K, capacity 9898K, committed 10240K, reserved 1058816K
  class space    used 1167K, capacity 1232K, committed 1280K, reserved 1048576K
}
Event: 4.988 GC heap before
{Heap before GC invocations=1083 (full 541):
 PSYoungGen      total 75264K, used 1290K [0x000000076c100000, 0x0000000771500000, 0x00000007c0000000)
  eden space 64512K, 2% used [0x000000076c100000,0x000000076c242948,0x0000000770000000)
  from space 10752K, 0% used [0x0000000770000000,0x0000000770000000,0x0000000770a80000)
  to   space 10752K, 0% used [0x0000000770a80000,0x0000000770a80000,0x0000000771500000)
 ParOldGen       total 172032K, used 14980K [0x00000006c4200000, 0x00000006cea00000, 0x000000076c100000)
  object space 172032K, 8% used [0x00000006c4200000,0x00000006c50a1318,0x00000006cea00000)
 Metaspace       used 9714K, capacity 9898K, committed 10240K, reserved 1058816K
  class space    used 1167K, capacity 1232K, committed 1280K, reserved 1048576K
Event: 4.989 GC heap after
Heap after GC invocations=1083 (full 541):
 PSYoungGen      total 75264K, used 64K [0x000000076c100000, 0x0000000771500000, 0x00000007c0000000)
  eden space 64512K, 0% used [0x000000076c100000,0x000000076c100000,0x0000000770000000)
  from space 10752K, 0% used [0x0000000770a80000,0x0000000770a90000,0x0000000771500000)
  to   space 10752K, 0% used [0x0000000770000000,0x0000000770000000,0x0000000770a80000)
 ParOldGen       total 172032K, used 14980K [0x00000006c4200000, 0x00000006cea00000, 0x000000076c100000)
  object space 172032K, 8% used [0x00000006c4200000,0x00000006c50a1318,0x00000006cea00000)
 Metaspace       used 9714K, capacity 9898K, committed 10240K, reserved 1058816K
  class space    used 1167K, capacity 1232K, committed 1280K, reserved 1048576K
}
Event: 4.989 GC heap before
{Heap before GC invocations=1084 (full 542):
 PSYoungGen      total 75264K, used 64K [0x000000076c100000, 0x0000000771500000, 0x00000007c0000000)
  eden space 64512K, 0% used [0x000000076c100000,0x000000076c100000,0x0000000770000000)
  from space 10752K, 0% used [0x0000000770a80000,0x0000000770a90000,0x0000000771500000)
  to   space 10752K, 0% used [0x0000000770000000,0x0000000770000000,0x0000000770a80000)
 ParOldGen       total 172032K, used 14980K [0x00000006c4200000, 0x00000006cea00000, 0x000000076c100000)
  object space 172032K, 8% used [0x00000006c4200000,0x00000006c50a1318,0x00000006cea00000)
 Metaspace       used 9714K, capacity 9898K, committed 10240K, reserved 1058816K
  class space    used 1167K, capacity 1232K, committed 1280K, reserved 1048576K
Event: 5.010 GC heap after
Heap after GC invocations=1084 (full 542):
 PSYoungGen      total 75264K, used 0K [0x000000076c100000, 0x0000000771500000, 0x00000007c0000000)
  eden space 64512K, 0% used [0x000000076c100000,0x000000076c100000,0x0000000770000000)
  from space 10752K, 0% used [0x0000000770a80000,0x0000000770a80000,0x0000000771500000)
  to   space 10752K, 0% used [0x0000000770000000,0x0000000770000000,0x0000000770a80000)
 ParOldGen       total 172032K, used 14980K [0x00000006c4200000, 0x00000006cea00000, 0x000000076c100000)
  object space 172032K, 8% used [0x00000006c4200000,0x00000006c50a1390,0x00000006cea00000)
 Metaspace       used 9714K, capacity 9898K, committed 10240K, reserved 1058816K
  class space    used 1167K, capacity 1232K, committed 1280K, reserved 1048576K
}
Event: 5.010 GC heap before
{Heap before GC invocations=1085 (full 542):
 PSYoungGen      total 75264K, used 1290K [0x000000076c100000, 0x0000000771500000, 0x00000007c0000000)
  eden space 64512K, 1% used [0x000000076c100000,0x000000076c2428f0,0x0000000770000000)
  from space 10752K, 0% used [0x0000000770a80000,0x0000000770a80000,0x0000000771500000)
  to   space 10752K, 0% used [0x0000000770000000,0x0000000770000000,0x0000000770a80000)
 ParOldGen       total 172032K, used 14980K [0x00000006c4200000, 0x00000006cea00000, 0x000000076c100000)
  object space 172032K, 8% used [0x00000006c4200000,0x00000006c50a1390,0x00000006cea00000)
 Metaspace       used 9714K, capacity 9898K, committed 10240K, reserved 1058816K
  class space    used 1167K, capacity 1232K, committed 1280K, reserved 1048576K
Event: 5.010 GC heap after
Heap after GC invocations=1085 (full 542):
 PSYoungGen      total 75264K, used 0K [0x000000076c100000, 0x0000000771500000, 0x00000007c0000000)
  eden space 64512K, 0% used [0x000000076c100000,0x000000076c100000,0x0000000770000000)
  from space 10752K, 0% used [0x0000000770000000,0x0000000770000000,0x0000000770a80000)
  to   space 10752K, 0% used [0x0000000770a80000,0x0000000770a80000,0x0000000771500000)
 ParOldGen       total 172032K, used 14980K [0x00000006c4200000, 0x00000006cea00000, 0x000000076c100000)
  object space 172032K, 8% used [0x00000006c4200000,0x00000006c50a1390,0x00000006cea00000)
 Metaspace       used 9714K, capacity 9898K, committed 10240K, reserved 1058816K
  class space    used 1167K, capacity 1232K, committed 1280K, reserved 1048576K
}
Event: 5.010 GC heap before
{Heap before GC invocations=1086 (full 543):
 PSYoungGen      total 75264K, used 0K [0x000000076c100000, 0x0000000771500000, 0x00000007c0000000)
  eden space 64512K, 0% used [0x000000076c100000,0x000000076c100000,0x0000000770000000)
  from space 10752K, 0% used [0x0000000770000000,0x0000000770000000,0x0000000770a80000)
  to   space 10752K, 0% used [0x0000000770a80000,0x0000000770a80000,0x0000000771500000)
 ParOldGen       total 172032K, used 14980K [0x00000006c4200000, 0x00000006cea00000, 0x000000076c100000)
  object space 172032K, 8% used [0x00000006c4200000,0x00000006c50a1390,0x00000006cea00000)
 Metaspace       used 9714K, capacity 9898K, committed 10240K, reserved 1058816K
  class space    used 1167K, capacity 1232K, committed 1280K, reserved 1048576K

