# JRE version: OpenJDK Runtime Environment (8.0_322-b06) (build 1.8.0_322-b06)
# Java VM: OpenJDK 64-Bit Server VM (25.322-b06 mixed mode windows-amd64 compressed oops)
Heap:
 PSYoungGen      total 75264K, used 0K [0x000000076c100000, 0x0000000771500000, 0x00000007c0000000)
  eden space 64512K, 0% used [0x000000076c100000,0x000000076c100000,0x0000000770000000)
  from space 10752K, 0% used [0x0000000770000000,0x0000000770000000,0x0000000770a80000)
  to   space 10752K, 0% used [0x0000000770a80000,0x0000000770a80000,0x0000000771500000)
 ParOldGen       total 172032K, used 15608K [0x00000006c4200000, 0x00000006cea00000, 0x000000076c100000)
  object space 172032K, 9% used [0x00000006c4200000,0x00000006c513e058,0x00000006cea00000)
 Metaspace       used 10661K, capacity 10880K, committed 11136K, reserved 1058816K
  class space    used 1253K, capacity 1341K, committed 1408K, reserved 1048576K
GC Heap History (10 events):
Event: 14.394 GC heap after
Heap after GC invocations=1749 (full 874):
 PSYoungGen      total 75264K, used 0K [0x000000076c100000, 0x0000000771500000, 0x00000007c0000000)
  eden space 64512K, 0% used [0x000000076c100000,0x000000076c100000,0x0000000770000000)
  from space 10752K, 0% used [0x0000000770000000,0x0000000770000000,0x0000000770a80000)
  to   space 10752K, 0% used [0x0000000770a80000,0x0000000770a80000,0x0000000771500000)
 ParOldGen       total 172032K, used 15608K [0x00000006c4200000, 0x00000006cea00000, 0x000000076c100000)
  object space 172032K, 9% used [0x00000006c4200000,0x00000006c513e098,0x00000006cea00000)
 Metaspace       used 10661K, capacity 10880K, committed 11136K, reserved 1058816K
  class space    used 1253K, capacity 1341K, committed 1408K, reserved 1048576K
}
Event: 14.394 GC heap before
{Heap before GC invocations=1750 (full 875):
 PSYoungGen      total 75264K, used 0K [0x000000076c100000, 0x0000000771500000, 0x00000007c0000000)
  eden space 64512K, 0% used [0x000000076c100000,0x000000076c100000,0x0000000770000000)
  from space 10752K, 0% used [0x0000000770000000,0x0000000770000000,0x0000000770a80000)
  to   space 10752K, 0% used [0x0000000770a80000,0x0000000770a80000,0x0000000771500000)
 ParOldGen       total 172032K, used 15608K [0x00000006c4200000, 0x00000006cea00000, 0x000000076c100000)
  object space 172032K, 9% used [0x00000006c4200000,0x00000006c513e098,0x00000006cea00000)
 Metaspace       used 10661K, capacity 10880K, committed 11136K, reserved 1058816K
  class space    used 1253K, capacity 1341K, committed 1408K, reserved 1048576K
Event: 14.418 GC heap after
Heap after GC invocations=1750 (full 875):
 PSYoungGen      total 75264K, used 0K [0x000000076c100000, 0x0000000771500000, 0x00000007c0000000)
  eden space 64512K, 0% used [0x000000076c100000,0x000000076c100000,0x0000000770000000)
  from space 10752K, 0% used [0x0000000770000000,0x0000000770000000,0x0000000770a80000)
  to   space 10752K, 0% used [0x0000000770a80000,0x0000000770a80000,0x0000000771500000)
 ParOldGen       total 172032K, used 15608K [0x00000006c4200000, 0x00000006cea00000, 0x000000076c100000)
  object space 172032K, 9% used [0x00000006c4200000,0x00000006c513e098,0x00000006cea00000)
 Metaspace       used 10661K, capacity 10880K, committed 11136K, reserved 1058816K
  class space    used 1253K, capacity 1341K, committed 1408K, reserved 1048576K
}
Event: 14.418 GC heap before
{Heap before GC invocations=1751 (full 875):
 PSYoungGen      total 75264K, used 0K [0x000000076c100000, 0x0000000771500000, 0x00000007c0000000)
  eden space 64512K, 0% used [0x000000076c100000,0x000000076c100000,0x0000000770000000)
  from space 10752K, 0% used [0x0000000770000000,0x0000000770000000,0x0000000770a80000)
  to   space 10752K, 0% used [0x0000000770a80000,0x0000000770a80000,0x0000000771500000)
 ParOldGen       total 172032K, used 15608K [0x00000006c4200000, 0x00000006cea00000, 0x000000076c100000)
  object space 172032K, 9% used [0x00000006c4200000,0x00000006c513e098,0x00000006cea00000)
 Metaspace       used 10661K, capacity 10880K, committed 11136K, reserved 1058816K
  class space    used 1253K, capacity 1341K, committed 1408K, reserved 1048576K
Event: 14.418 GC heap after
Heap after GC invocations=1751 (full 875):
 PSYoungGen      total 75264K, used 0K [0x000000076c100000, 0x0000000771500000, 0x00000007c0000000)
  eden space 64512K, 0% used [0x000000076c100000,0x000000076c100000,0x0000000770000000)
  from space 10752K, 0% used [0x0000000770a80000,0x0000000770a80000,0x0000000771500000)
  to   space 10752K, 0% used [0x0000000770000000,0x0000000770000000,0x0000000770a80000)
 ParOldGen       total 172032K, used 15608K [0x00000006c4200000, 0x00000006cea00000, 0x000000076c100000)
  object space 172032K, 9% used [0x00000006c4200000,0x00000006c513e098,0x00000006cea00000)
 Metaspace       used 10661K, capacity 10880K, committed 11136K, reserved 1058816K
  class space    used 1253K, capacity 1341K, committed 1408K, reserved 1048576K
}
Event: 14.418 GC heap before
{Heap before GC invocations=1752 (full 876):
 PSYoungGen      total 75264K, used 0K [0x000000076c100000, 0x0000000771500000, 0x00000007c0000000)
  eden space 64512K, 0% used [0x000000076c100000,0x000000076c100000,0x0000000770000000)
  from space 10752K, 0% used [0x0000000770a80000,0x0000000770a80000,0x0000000771500000)
  to   space 10752K, 0% used [0x0000000770000000,0x0000000770000000,0x0000000770a80000)
 ParOldGen       total 172032K, used 15608K [0x00000006c4200000, 0x00000006cea00000, 0x000000076c100000)
  object space 172032K, 9% used [0x00000006c4200000,0x00000006c513e098,0x00000006cea00000)
 Metaspace       used 10661K, capacity 10880K, committed 11136K, reserved 1058816K
  class space    used 1253K, capacity 1341K, committed 1408K, reserved 1048576K
Event: 14.442 GC heap after
Heap after GC invocations=1752 (full 876):
 PSYoungGen      total 75264K, used 0K [0x000000076c100000, 0x0000000771500000, 0x00000007c0000000)
  eden space 64512K, 0% used [0x000000076c100000,0x000000076c100000,0x0000000770000000)
  from space 10752K, 0% used [0x0000000770a80000,0x0000000770a80000,0x0000000771500000)
  to   space 10752K, 0% used [0x0000000770000000,0x0000000770000000,0x0000000770a80000)
 ParOldGen       total 172032K, used 15608K [0x00000006c4200000, 0x00000006cea00000, 0x000000076c100000)
  object space 172032K, 9% used [0x00000006c4200000,0x00000006c513e058,0x00000006cea00000)
 Metaspace       used 10661K, capacity 10880K, committed 11136K, reserved 1058816K
  class space    used 1253K, capacity 1341K, committed 1408K, reserved 1048576K
}
Event: 14.442 GC heap before
{Heap before GC invocations=1753 (full 876):
 PSYoungGen      total 75264K, used 0K [0x000000076c100000, 0x0000000771500000, 0x00000007c0000000)
  eden space 64512K, 0% used [0x000000076c100000,0x000000076c100000,0x0000000770000000)
  from space 10752K, 0% used [0x0000000770a80000,0x0000000770a80000,0x0000000771500000)
  to   space 10752K, 0% used [0x0000000770000000,0x0000000770000000,0x0000000770a80000)
 ParOldGen       total 172032K, used 15608K [0x00000006c4200000, 0x00000006cea00000, 0x000000076c100000)
  object space 172032K, 9% used [0x00000006c4200000,0x00000006c513e058,0x00000006cea00000)
 Metaspace       used 10661K, capacity 10880K, committed 11136K, reserved 1058816K
  class space    used 1253K, capacity 1341K, committed 1408K, reserved 1048576K
Event: 14.442 GC heap after
Heap after GC invocations=1753 (full 876):
 PSYoungGen      total 75264K, used 0K [0x000000076c100000, 0x0000000771500000, 0x00000007c0000000)
  eden space 64512K, 0% used [0x000000076c100000,0x000000076c100000,0x0000000770000000)
  from space 10752K, 0% used [0x0000000770000000,0x0000000770000000,0x0000000770a80000)
  to   space 10752K, 0% used [0x0000000770a80000,0x0000000770a80000,0x0000000771500000)
 ParOldGen       total 172032K, used 15608K [0x00000006c4200000, 0x00000006cea00000, 0x000000076c100000)
  object space 172032K, 9% used [0x00000006c4200000,0x00000006c513e058,0x00000006cea00000)
 Metaspace       used 10661K, capacity 10880K, committed 11136K, reserved 1058816K
  class space    used 1253K, capacity 1341K, committed 1408K, reserved 1048576K
}
Event: 14.442 GC heap before
{Heap before GC invocations=1754 (full 877):
 PSYoungGen      total 75264K, used 0K [0x000000076c100000, 0x0000000771500000, 0x00000007c0000000)
  eden space 64512K, 0% used [0x000000076c100000,0x000000076c100000,0x0000000770000000)
  from space 10752K, 0% used [0x0000000770000000,0x0000000770000000,0x0000000770a80000)
  to   space 10752K, 0% used [0x0000000770a80000,0x0000000770a80000,0x0000000771500000)
 ParOldGen       total 172032K, used 15608K [0x00000006c4200000, 0x00000006cea00000, 0x000000076c100000)
  object space 172032K, 9% used [0x00000006c4200000,0x00000006c513e058,0x00000006cea00000)
 Metaspace       used 10661K, capacity 10880K, committed 11136K, reserved 1058816K
  class space    used 1253K, capacity 1341K, committed 1408K, reserved 1048576K

