# JRE version: OpenJDK Runtime Environment (8.0_322-b06) (build 1.8.0_322-b06)
# Java VM: OpenJDK 64-Bit Server VM (25.322-b06 mixed mode windows-amd64 compressed oops)
Heap:
 PSYoungGen      total 75264K, used 64K [0x000000076c100000, 0x0000000771500000, 0x00000007c0000000)
  eden space 64512K, 0% used [0x000000076c100000,0x000000076c100000,0x0000000770000000)
  from space 10752K, 0% used [0x0000000770a80000,0x0000000770a90000,0x0000000771500000)
  to   space 10752K, 0% used [0x0000000770000000,0x0000000770000000,0x0000000770a80000)
 ParOldGen       total 172032K, used 15462K [0x00000006c4200000, 0x00000006cea00000, 0x000000076c100000)
  object space 172032K, 8% used [0x00000006c4200000,0x00000006c5119bf8,0x00000006cea00000)
 Metaspace       used 10817K, capacity 11028K, committed 11136K, reserved 1058816K
  class space    used 1263K, capacity 1341K, committed 1408K, reserved 1048576K
GC Heap History (10 events):
Event: 13.234 GC heap after
Heap after GC invocations=1491 (full 745):
 PSYoungGen      total 75264K, used 64K [0x000000076c100000, 0x0000000771500000, 0x00000007c0000000)
  eden space 64512K, 0% used [0x000000076c100000,0x000000076c100000,0x0000000770000000)
  from space 10752K, 0% used [0x0000000770a80000,0x0000000770a90000,0x0000000771500000)
  to   space 10752K, 0% used [0x0000000770000000,0x0000000770000000,0x0000000770a80000)
 ParOldGen       total 172032K, used 15462K [0x00000006c4200000, 0x00000006cea00000, 0x000000076c100000)
  object space 172032K, 8% used [0x00000006c4200000,0x00000006c5119be0,0x00000006cea00000)
 Metaspace       used 10817K, capacity 11028K, committed 11136K, reserved 1058816K
  class space    used 1263K, capacity 1341K, committed 1408K, reserved 1048576K
}
Event: 13.234 GC heap before
{Heap before GC invocations=1492 (full 746):
 PSYoungGen      total 75264K, used 64K [0x000000076c100000, 0x0000000771500000, 0x00000007c0000000)
  eden space 64512K, 0% used [0x000000076c100000,0x000000076c100000,0x0000000770000000)
  from space 10752K, 0% used [0x0000000770a80000,0x0000000770a90000,0x0000000771500000)
  to   space 10752K, 0% used [0x0000000770000000,0x0000000770000000,0x0000000770a80000)
 ParOldGen       total 172032K, used 15462K [0x00000006c4200000, 0x00000006cea00000, 0x000000076c100000)
  object space 172032K, 8% used [0x00000006c4200000,0x00000006c5119be0,0x00000006cea00000)
 Metaspace       used 10817K, capacity 11028K, committed 11136K, reserved 1058816K
  class space    used 1263K, capacity 1341K, committed 1408K, reserved 1048576K
Event: 13.258 GC heap after
Heap after GC invocations=1492 (full 746):
 PSYoungGen      total 75264K, used 0K [0x000000076c100000, 0x0000000771500000, 0x00000007c0000000)
  eden space 64512K, 0% used [0x000000076c100000,0x000000076c100000,0x0000000770000000)
  from space 10752K, 0% used [0x0000000770a80000,0x0000000770a80000,0x0000000771500000)
  to   space 10752K, 0% used [0x0000000770000000,0x0000000770000000,0x0000000770a80000)
 ParOldGen       total 172032K, used 15463K [0x00000006c4200000, 0x00000006cea00000, 0x000000076c100000)
  object space 172032K, 8% used [0x00000006c4200000,0x00000006c5119c38,0x00000006cea00000)
 Metaspace       used 10817K, capacity 11028K, committed 11136K, reserved 1058816K
  class space    used 1263K, capacity 1341K, committed 1408K, reserved 1048576K
}
Event: 13.258 GC heap before
{Heap before GC invocations=1493 (full 746):
 PSYoungGen      total 75264K, used 1290K [0x000000076c100000, 0x0000000771500000, 0x00000007c0000000)
  eden space 64512K, 1% used [0x000000076c100000,0x000000076c2428f0,0x0000000770000000)
  from space 10752K, 0% used [0x0000000770a80000,0x0000000770a80000,0x0000000771500000)
  to   space 10752K, 0% used [0x0000000770000000,0x0000000770000000,0x0000000770a80000)
 ParOldGen       total 172032K, used 15463K [0x00000006c4200000, 0x00000006cea00000, 0x000000076c100000)
  object space 172032K, 8% used [0x00000006c4200000,0x00000006c5119c38,0x00000006cea00000)
 Metaspace       used 10817K, capacity 11028K, committed 11136K, reserved 1058816K
  class space    used 1263K, capacity 1341K, committed 1408K, reserved 1048576K
Event: 13.258 GC heap after
Heap after GC invocations=1493 (full 746):
 PSYoungGen      total 75264K, used 0K [0x000000076c100000, 0x0000000771500000, 0x00000007c0000000)
  eden space 64512K, 0% used [0x000000076c100000,0x000000076c100000,0x0000000770000000)
  from space 10752K, 0% used [0x0000000770000000,0x0000000770000000,0x0000000770a80000)
  to   space 10752K, 0% used [0x0000000770a80000,0x0000000770a80000,0x0000000771500000)
 ParOldGen       total 172032K, used 15463K [0x00000006c4200000, 0x00000006cea00000, 0x000000076c100000)
  object space 172032K, 8% used [0x00000006c4200000,0x00000006c5119c38,0x00000006cea00000)
 Metaspace       used 10817K, capacity 11028K, committed 11136K, reserved 1058816K
  class space    used 1263K, capacity 1341K, committed 1408K, reserved 1048576K
}
Event: 13.258 GC heap before
{Heap before GC invocations=1494 (full 747):
 PSYoungGen      total 75264K, used 0K [0x000000076c100000, 0x0000000771500000, 0x00000007c0000000)
  eden space 64512K, 0% used [0x000000076c100000,0x000000076c100000,0x0000000770000000)
  from space 10752K, 0% used [0x0000000770000000,0x0000000770000000,0x0000000770a80000)
  to   space 10752K, 0% used [0x0000000770a80000,0x0000000770a80000,0x0000000771500000)
 ParOldGen       total 172032K, used 15463K [0x00000006c4200000, 0x00000006cea00000, 0x000000076c100000)
  object space 172032K, 8% used [0x00000006c4200000,0x00000006c5119c38,0x00000006cea00000)
 Metaspace       used 10817K, capacity 11028K, committed 11136K, reserved 1058816K
  class space    used 1263K, capacity 1341K, committed 1408K, reserved 1048576K
Event: 13.282 GC heap after
Heap after GC invocations=1494 (full 747):
 PSYoungGen      total 75264K, used 0K [0x000000076c100000, 0x0000000771500000, 0x00000007c0000000)
  eden space 64512K, 0% used [0x000000076c100000,0x000000076c100000,0x0000000770000000)
  from space 10752K, 0% used [0x0000000770000000,0x0000000770000000,0x0000000770a80000)
  to   space 10752K, 0% used [0x0000000770a80000,0x0000000770a80000,0x0000000771500000)
 ParOldGen       total 172032K, used 15462K [0x00000006c4200000, 0x00000006cea00000, 0x000000076c100000)
  object space 172032K, 8% used [0x00000006c4200000,0x00000006c5119bf8,0x00000006cea00000)
 Metaspace       used 10817K, capacity 11028K, committed 11136K, reserved 1058816K
  class space    used 1263K, capacity 1341K, committed 1408K, reserved 1048576K
}
Event: 13.282 GC heap before
{Heap before GC invocations=1495 (full 747):
 PSYoungGen      total 75264K, used 1290K [0x000000076c100000, 0x0000000771500000, 0x00000007c0000000)
  eden space 64512K, 2% used [0x000000076c100000,0x000000076c242908,0x0000000770000000)
  from space 10752K, 0% used [0x0000000770000000,0x0000000770000000,0x0000000770a80000)
  to   space 10752K, 0% used [0x0000000770a80000,0x0000000770a80000,0x0000000771500000)
 ParOldGen       total 172032K, used 15462K [0x00000006c4200000, 0x00000006cea00000, 0x000000076c100000)
  object space 172032K, 8% used [0x00000006c4200000,0x00000006c5119bf8,0x00000006cea00000)
 Metaspace       used 10817K, capacity 11028K, committed 11136K, reserved 1058816K
  class space    used 1263K, capacity 1341K, committed 1408K, reserved 1048576K
Event: 13.282 GC heap after
Heap after GC invocations=1495 (full 747):
 PSYoungGen      total 75264K, used 64K [0x000000076c100000, 0x0000000771500000, 0x00000007c0000000)
  eden space 64512K, 0% used [0x000000076c100000,0x000000076c100000,0x0000000770000000)
  from space 10752K, 0% used [0x0000000770a80000,0x0000000770a90000,0x0000000771500000)
  to   space 10752K, 0% used [0x0000000770000000,0x0000000770000000,0x0000000770a80000)
 ParOldGen       total 172032K, used 15462K [0x00000006c4200000, 0x00000006cea00000, 0x000000076c100000)
  object space 172032K, 8% used [0x00000006c4200000,0x00000006c5119bf8,0x00000006cea00000)
 Metaspace       used 10817K, capacity 11028K, committed 11136K, reserved 1058816K
  class space    used 1263K, capacity 1341K, committed 1408K, reserved 1048576K
}
Event: 13.282 GC heap before
{Heap before GC invocations=1496 (full 748):
 PSYoungGen      total 75264K, used 64K [0x000000076c100000, 0x0000000771500000, 0x00000007c0000000)
  eden space 64512K, 0% used [0x000000076c100000,0x000000076c100000,0x0000000770000000)
  from space 10752K, 0% used [0x0000000770a80000,0x0000000770a90000,0x0000000771500000)
  to   space 10752K, 0% used [0x0000000770000000,0x0000000770000000,0x0000000770a80000)
 ParOldGen       total 172032K, used 15462K [0x00000006c4200000, 0x00000006cea00000, 0x000000076c100000)
  object space 172032K, 8% used [0x00000006c4200000,0x00000006c5119bf8,0x00000006cea00000)
 Metaspace       used 10817K, capacity 11028K, committed 11136K, reserved 1058816K
  class space    used 1263K, capacity 1341K, committed 1408K, reserved 1048576K

